<?xml version="1.0" encoding="UTF-8"?>
<!-- Generated by org.testng.reporters.JUnitReportReporter -->
<testsuite skipped="0" hostname="debian" name="sel_google.sel_google" tests="3" failures="0" timestamp="01 May 2019 21:02:23 GMT" time="1.898" errors="0">
  <testcase name="openBrowser1" time="0.979" classname="sel_google.sel_google"/>
  <testcase name="openBrowser2" time="0.534" classname="sel_google.sel_google"/>
  <testcase name="openBrowser3" time="0.385" classname="sel_google.sel_google"/>
</testsuite> <!-- sel_google.sel_google -->
